[22-Jun-2021 08:01:30 UTC] PHP Warning:  Undefined array key "paged" in C:\xampp\htdocs\wordpress\wp-content\plugins\CPT-students-plugin\plugin-data-students.php on line 391
[22-Jun-2021 08:04:39 UTC] PHP Warning:  Undefined array key "paged" in C:\xampp\htdocs\wordpress\wp-content\plugins\CPT-students-plugin\plugin-data-students.php on line 391
[22-Jun-2021 08:04:55 UTC] PHP Warning:  Undefined array key "paged" in C:\xampp\htdocs\wordpress\wp-content\plugins\CPT-students-plugin\plugin-data-students.php on line 391
[22-Jun-2021 08:04:58 UTC] PHP Warning:  Undefined array key "paged" in C:\xampp\htdocs\wordpress\wp-content\plugins\CPT-students-plugin\plugin-data-students.php on line 391
[22-Jun-2021 08:28:41 UTC] WordPress database error Table 'wordpress.wp_table_name' doesn't exist for query SELECT COUNT(`id`) FROM wp_table_name made by WP_List_Table->display, WP_List_Table->display_rows_or_placeholder, WP_Posts_List_Table->display_rows, WP_Posts_List_Table->_display_rows, WP_Posts_List_Table->single_row, WP_List_Table->single_row_columns, WP_Posts_List_Table->column_default, do_action('manage_students_posts_custom_column'), WP_Hook->do_action, WP_Hook->apply_filters, is_active_columns_content
[22-Jun-2021 08:28:41 UTC] WordPress database error Table 'wordpress.wp_table_name' doesn't exist for query SELECT * FROM wp_table_name LIMIT 0, 10 made by WP_List_Table->display, WP_List_Table->display_rows_or_placeholder, WP_Posts_List_Table->display_rows, WP_Posts_List_Table->_display_rows, WP_Posts_List_Table->single_row, WP_List_Table->single_row_columns, WP_Posts_List_Table->column_default, do_action('manage_students_posts_custom_column'), WP_Hook->do_action, WP_Hook->apply_filters, is_active_columns_content
[22-Jun-2021 08:28:41 UTC] WordPress database error Table 'wordpress.wp_table_name' doesn't exist for query SELECT COUNT(`id`) FROM wp_table_name made by WP_List_Table->display, WP_List_Table->display_rows_or_placeholder, WP_Posts_List_Table->display_rows, WP_Posts_List_Table->_display_rows, WP_Posts_List_Table->single_row, WP_List_Table->single_row_columns, WP_Posts_List_Table->column_default, do_action('manage_students_posts_custom_column'), WP_Hook->do_action, WP_Hook->apply_filters, is_active_columns_content
[22-Jun-2021 08:28:41 UTC] WordPress database error Table 'wordpress.wp_table_name' doesn't exist for query SELECT * FROM wp_table_name LIMIT 0, 10 made by WP_List_Table->display, WP_List_Table->display_rows_or_placeholder, WP_Posts_List_Table->display_rows, WP_Posts_List_Table->_display_rows, WP_Posts_List_Table->single_row, WP_List_Table->single_row_columns, WP_Posts_List_Table->column_default, do_action('manage_students_posts_custom_column'), WP_Hook->do_action, WP_Hook->apply_filters, is_active_columns_content
[22-Jun-2021 08:28:41 UTC] WordPress database error Table 'wordpress.wp_table_name' doesn't exist for query SELECT COUNT(`id`) FROM wp_table_name made by WP_List_Table->display, WP_List_Table->display_rows_or_placeholder, WP_Posts_List_Table->display_rows, WP_Posts_List_Table->_display_rows, WP_Posts_List_Table->single_row, WP_List_Table->single_row_columns, WP_Posts_List_Table->column_default, do_action('manage_students_posts_custom_column'), WP_Hook->do_action, WP_Hook->apply_filters, is_active_columns_content
[22-Jun-2021 08:28:41 UTC] WordPress database error Table 'wordpress.wp_table_name' doesn't exist for query SELECT * FROM wp_table_name LIMIT 0, 10 made by WP_List_Table->display, WP_List_Table->display_rows_or_placeholder, WP_Posts_List_Table->display_rows, WP_Posts_List_Table->_display_rows, WP_Posts_List_Table->single_row, WP_List_Table->single_row_columns, WP_Posts_List_Table->column_default, do_action('manage_students_posts_custom_column'), WP_Hook->do_action, WP_Hook->apply_filters, is_active_columns_content
[22-Jun-2021 08:28:41 UTC] WordPress database error Table 'wordpress.wp_table_name' doesn't exist for query SELECT COUNT(`id`) FROM wp_table_name made by WP_List_Table->display, WP_List_Table->display_rows_or_placeholder, WP_Posts_List_Table->display_rows, WP_Posts_List_Table->_display_rows, WP_Posts_List_Table->single_row, WP_List_Table->single_row_columns, WP_Posts_List_Table->column_default, do_action('manage_students_posts_custom_column'), WP_Hook->do_action, WP_Hook->apply_filters, is_active_columns_content
[22-Jun-2021 08:28:41 UTC] WordPress database error Table 'wordpress.wp_table_name' doesn't exist for query SELECT * FROM wp_table_name LIMIT 0, 10 made by WP_List_Table->display, WP_List_Table->display_rows_or_placeholder, WP_Posts_List_Table->display_rows, WP_Posts_List_Table->_display_rows, WP_Posts_List_Table->single_row, WP_List_Table->single_row_columns, WP_Posts_List_Table->column_default, do_action('manage_students_posts_custom_column'), WP_Hook->do_action, WP_Hook->apply_filters, is_active_columns_content
[22-Jun-2021 08:28:41 UTC] WordPress database error Table 'wordpress.wp_table_name' doesn't exist for query SELECT COUNT(`id`) FROM wp_table_name made by WP_List_Table->display, WP_List_Table->display_rows_or_placeholder, WP_Posts_List_Table->display_rows, WP_Posts_List_Table->_display_rows, WP_Posts_List_Table->single_row, WP_List_Table->single_row_columns, WP_Posts_List_Table->column_default, do_action('manage_students_posts_custom_column'), WP_Hook->do_action, WP_Hook->apply_filters, is_active_columns_content
[22-Jun-2021 08:28:41 UTC] WordPress database error Table 'wordpress.wp_table_name' doesn't exist for query SELECT * FROM wp_table_name LIMIT 0, 10 made by WP_List_Table->display, WP_List_Table->display_rows_or_placeholder, WP_Posts_List_Table->display_rows, WP_Posts_List_Table->_display_rows, WP_Posts_List_Table->single_row, WP_List_Table->single_row_columns, WP_Posts_List_Table->column_default, do_action('manage_students_posts_custom_column'), WP_Hook->do_action, WP_Hook->apply_filters, is_active_columns_content
[22-Jun-2021 08:28:41 UTC] WordPress database error Table 'wordpress.wp_table_name' doesn't exist for query SELECT COUNT(`id`) FROM wp_table_name made by WP_List_Table->display, WP_List_Table->display_rows_or_placeholder, WP_Posts_List_Table->display_rows, WP_Posts_List_Table->_display_rows, WP_Posts_List_Table->single_row, WP_List_Table->single_row_columns, WP_Posts_List_Table->column_default, do_action('manage_students_posts_custom_column'), WP_Hook->do_action, WP_Hook->apply_filters, is_active_columns_content
[22-Jun-2021 08:28:41 UTC] WordPress database error Table 'wordpress.wp_table_name' doesn't exist for query SELECT * FROM wp_table_name LIMIT 0, 10 made by WP_List_Table->display, WP_List_Table->display_rows_or_placeholder, WP_Posts_List_Table->display_rows, WP_Posts_List_Table->_display_rows, WP_Posts_List_Table->single_row, WP_List_Table->single_row_columns, WP_Posts_List_Table->column_default, do_action('manage_students_posts_custom_column'), WP_Hook->do_action, WP_Hook->apply_filters, is_active_columns_content
[22-Jun-2021 08:28:41 UTC] WordPress database error Table 'wordpress.wp_table_name' doesn't exist for query SELECT COUNT(`id`) FROM wp_table_name made by WP_List_Table->display, WP_List_Table->display_rows_or_placeholder, WP_Posts_List_Table->display_rows, WP_Posts_List_Table->_display_rows, WP_Posts_List_Table->single_row, WP_List_Table->single_row_columns, WP_Posts_List_Table->column_default, do_action('manage_students_posts_custom_column'), WP_Hook->do_action, WP_Hook->apply_filters, is_active_columns_content
[22-Jun-2021 08:28:41 UTC] WordPress database error Table 'wordpress.wp_table_name' doesn't exist for query SELECT * FROM wp_table_name LIMIT 0, 10 made by WP_List_Table->display, WP_List_Table->display_rows_or_placeholder, WP_Posts_List_Table->display_rows, WP_Posts_List_Table->_display_rows, WP_Posts_List_Table->single_row, WP_List_Table->single_row_columns, WP_Posts_List_Table->column_default, do_action('manage_students_posts_custom_column'), WP_Hook->do_action, WP_Hook->apply_filters, is_active_columns_content
[22-Jun-2021 08:28:41 UTC] WordPress database error Table 'wordpress.wp_table_name' doesn't exist for query SELECT COUNT(`id`) FROM wp_table_name made by WP_List_Table->display, WP_List_Table->display_rows_or_placeholder, WP_Posts_List_Table->display_rows, WP_Posts_List_Table->_display_rows, WP_Posts_List_Table->single_row, WP_List_Table->single_row_columns, WP_Posts_List_Table->column_default, do_action('manage_students_posts_custom_column'), WP_Hook->do_action, WP_Hook->apply_filters, is_active_columns_content
[22-Jun-2021 08:28:41 UTC] WordPress database error Table 'wordpress.wp_table_name' doesn't exist for query SELECT * FROM wp_table_name LIMIT 0, 10 made by WP_List_Table->display, WP_List_Table->display_rows_or_placeholder, WP_Posts_List_Table->display_rows, WP_Posts_List_Table->_display_rows, WP_Posts_List_Table->single_row, WP_List_Table->single_row_columns, WP_Posts_List_Table->column_default, do_action('manage_students_posts_custom_column'), WP_Hook->do_action, WP_Hook->apply_filters, is_active_columns_content
[22-Jun-2021 08:33:55 UTC] PHP Warning:  Undefined array key "paged" in C:\xampp\htdocs\wordpress\wp-content\plugins\CPT-students-plugin\plugin-data-students.php on line 92
[22-Jun-2021 08:33:55 UTC] PHP Warning:  Undefined array key "paged" in C:\xampp\htdocs\wordpress\wp-content\plugins\CPT-students-plugin\plugin-data-students.php on line 92
[22-Jun-2021 08:33:55 UTC] PHP Warning:  Undefined array key "paged" in C:\xampp\htdocs\wordpress\wp-content\plugins\CPT-students-plugin\plugin-data-students.php on line 92
[22-Jun-2021 08:33:55 UTC] PHP Warning:  Undefined array key "paged" in C:\xampp\htdocs\wordpress\wp-content\plugins\CPT-students-plugin\plugin-data-students.php on line 92
[22-Jun-2021 08:33:55 UTC] PHP Warning:  Undefined array key "paged" in C:\xampp\htdocs\wordpress\wp-content\plugins\CPT-students-plugin\plugin-data-students.php on line 92
[22-Jun-2021 08:33:55 UTC] PHP Warning:  Undefined array key "paged" in C:\xampp\htdocs\wordpress\wp-content\plugins\CPT-students-plugin\plugin-data-students.php on line 92
[22-Jun-2021 08:33:55 UTC] PHP Warning:  Undefined array key "paged" in C:\xampp\htdocs\wordpress\wp-content\plugins\CPT-students-plugin\plugin-data-students.php on line 92
[22-Jun-2021 08:33:55 UTC] PHP Warning:  Undefined array key "paged" in C:\xampp\htdocs\wordpress\wp-content\plugins\CPT-students-plugin\plugin-data-students.php on line 92
[22-Jun-2021 08:53:11 UTC] PHP Parse error:  syntax error, unexpected token "<", expecting "elseif" or "else" or "endif" in C:\xampp\htdocs\wordpress\wp-content\plugins\CPT-students-plugin\plugin-data-students.php on line 133
[22-Jun-2021 09:00:48 UTC] PHP Fatal error:  Uncaught ArgumentCountError: Too few arguments to function add_action(), 1 passed in C:\xampp\htdocs\wordpress\wp-content\plugins\CPT-students-plugin\plugin-data-students.php on line 92 and at least 2 expected in C:\xampp\htdocs\wordpress\wp-includes\plugin.php:409
Stack trace:
#0 C:\xampp\htdocs\wordpress\wp-content\plugins\CPT-students-plugin\plugin-data-students.php(92): add_action('admin')
#1 C:\xampp\htdocs\wordpress\wp-settings.php(391): include_once('C:\\xampp\\htdocs...')
#2 C:\xampp\htdocs\wordpress\wp-config.php(95): require_once('C:\\xampp\\htdocs...')
#3 C:\xampp\htdocs\wordpress\wp-load.php(37): require_once('C:\\xampp\\htdocs...')
#4 C:\xampp\htdocs\wordpress\wp-admin\admin-ajax.php(22): require_once('C:\\xampp\\htdocs...')
#5 {main}
  thrown in C:\xampp\htdocs\wordpress\wp-includes\plugin.php on line 409
[22-Jun-2021 09:07:26 UTC] PHP Fatal error:  Allowed memory size of 536870912 bytes exhausted (tried to allocate 262144 bytes) in C:\xampp\htdocs\wordpress\wp-includes\class-wp-query.php on line 892
[22-Jun-2021 09:07:26 UTC] PHP Fatal error:  Allowed memory size of 536870912 bytes exhausted (tried to allocate 262144 bytes) in Unknown on line 0
[22-Jun-2021 09:07:27 UTC] PHP Fatal error:  Allowed memory size of 536870912 bytes exhausted (tried to allocate 262144 bytes) in C:\xampp\htdocs\wordpress\wp-includes\class-wp-query.php on line 892
[22-Jun-2021 09:07:27 UTC] PHP Fatal error:  Allowed memory size of 536870912 bytes exhausted (tried to allocate 262144 bytes) in Unknown on line 0
[22-Jun-2021 09:30:30 UTC] PHP Warning:  Undefined array key "paged" in C:\xampp\htdocs\wordpress\wp-content\plugins\CPT-students-plugin\plugin-data-students.php on line 96
[22-Jun-2021 09:30:31 UTC] PHP Warning:  Undefined array key "paged" in C:\xampp\htdocs\wordpress\wp-content\plugins\CPT-students-plugin\plugin-data-students.php on line 96
[22-Jun-2021 09:33:04 UTC] PHP Warning:  Undefined array key "paged" in C:\xampp\htdocs\wordpress\wp-content\plugins\CPT-students-plugin\plugin-data-students.php on line 94
[22-Jun-2021 09:33:06 UTC] PHP Warning:  Undefined array key "paged" in C:\xampp\htdocs\wordpress\wp-content\plugins\CPT-students-plugin\plugin-data-students.php on line 94
[22-Jun-2021 09:33:29 UTC] PHP Fatal error:  Uncaught TypeError: Illegal offset type in isset or empty in C:\xampp\htdocs\wordpress\wp-includes\class-wp-query.php:1737
Stack trace:
#0 C:\xampp\htdocs\wordpress\wp-includes\query.php(28): WP_Query->get(Array, '')
#1 C:\xampp\htdocs\wordpress\wp-content\plugins\CPT-students-plugin\plugin-data-students.php(94): get_query_var(Array)
#2 C:\xampp\htdocs\wordpress\wp-includes\class-wp-hook.php(292): students_data_orderby_active('')
#3 C:\xampp\htdocs\wordpress\wp-includes\class-wp-hook.php(316): WP_Hook->apply_filters(NULL, Array)
#4 C:\xampp\htdocs\wordpress\wp-includes\plugin.php(484): WP_Hook->do_action(Array)
#5 C:\xampp\htdocs\wordpress\wp-admin\admin-header.php(288): do_action('admin_notices')
#6 C:\xampp\htdocs\wordpress\wp-admin\edit.php(394): require_once('C:\\xampp\\htdocs...')
#7 {main}
  thrown in C:\xampp\htdocs\wordpress\wp-includes\class-wp-query.php on line 1737
[22-Jun-2021 09:43:16 UTC] PHP Parse error:  syntax error, unexpected token "}" in C:\xampp\htdocs\wordpress\wp-content\themes\twentytwentychild\functions.php on line 768
[22-Jun-2021 09:43:18 UTC] PHP Parse error:  syntax error, unexpected token "}" in C:\xampp\htdocs\wordpress\wp-content\themes\twentytwentychild\functions.php on line 768
[22-Jun-2021 13:27:34 UTC] PHP Fatal error:  Uncaught Error: Call to undefined function edit_post() in C:\xampp\htdocs\wordpress\wp-content\plugins\CPT-students-plugin\plugin-data-students.php:476
Stack trace:
#0 C:\xampp\htdocs\wordpress\wp-includes\rest-api\class-wp-rest-server.php(1139): edit_student_by_id_data(Object(WP_REST_Request))
#1 C:\xampp\htdocs\wordpress\wp-includes\rest-api\class-wp-rest-server.php(985): WP_REST_Server->respond_to_request(Object(WP_REST_Request), '/student/edit/(...', Array, NULL)
#2 C:\xampp\htdocs\wordpress\wp-includes\rest-api\class-wp-rest-server.php(412): WP_REST_Server->dispatch(Object(WP_REST_Request))
#3 C:\xampp\htdocs\wordpress\wp-includes\rest-api.php(354): WP_REST_Server->serve_request('/student/edit/1...')
#4 C:\xampp\htdocs\wordpress\wp-includes\class-wp-hook.php(292): rest_api_loaded(Object(WP))
#5 C:\xampp\htdocs\wordpress\wp-includes\class-wp-hook.php(316): WP_Hook->apply_filters('', Array)
#6 C:\xampp\htdocs\wordpress\wp-includes\plugin.php(551): WP_Hook->do_action(Array)
#7 C:\xampp\htdocs\wordpress\wp-includes\class-wp.php(388): do_action_ref_array('parse_request', Array)
#8 C:\xampp\htdocs\wordpress\wp-includes\class-wp.php(750): WP->parse_request('')
#9 C:\xampp\htdocs\wordpress\wp-includes\functions.php(1291): WP->main('')
#10 C:\xampp\htdocs\wordpress\wp-blog-header.php(16): wp()
#11 C:\xampp\htdocs\wordpress\index.php(17): require('C:\\xampp\\htdocs...')
#12 {main}
  thrown in C:\xampp\htdocs\wordpress\wp-content\plugins\CPT-students-plugin\plugin-data-students.php on line 476
[22-Jun-2021 13:29:10 UTC] PHP Fatal error:  Uncaught Error: Call to undefined function edit_post() in C:\xampp\htdocs\wordpress\wp-content\plugins\CPT-students-plugin\plugin-data-students.php:476
Stack trace:
#0 C:\xampp\htdocs\wordpress\wp-includes\rest-api\class-wp-rest-server.php(1139): edit_student_by_id_data(Object(WP_REST_Request))
#1 C:\xampp\htdocs\wordpress\wp-includes\rest-api\class-wp-rest-server.php(985): WP_REST_Server->respond_to_request(Object(WP_REST_Request), '/student/edit/(...', Array, NULL)
#2 C:\xampp\htdocs\wordpress\wp-includes\rest-api\class-wp-rest-server.php(412): WP_REST_Server->dispatch(Object(WP_REST_Request))
#3 C:\xampp\htdocs\wordpress\wp-includes\rest-api.php(354): WP_REST_Server->serve_request('/student/edit/1...')
#4 C:\xampp\htdocs\wordpress\wp-includes\class-wp-hook.php(292): rest_api_loaded(Object(WP))
#5 C:\xampp\htdocs\wordpress\wp-includes\class-wp-hook.php(316): WP_Hook->apply_filters('', Array)
#6 C:\xampp\htdocs\wordpress\wp-includes\plugin.php(551): WP_Hook->do_action(Array)
#7 C:\xampp\htdocs\wordpress\wp-includes\class-wp.php(388): do_action_ref_array('parse_request', Array)
#8 C:\xampp\htdocs\wordpress\wp-includes\class-wp.php(750): WP->parse_request('')
#9 C:\xampp\htdocs\wordpress\wp-includes\functions.php(1291): WP->main('')
#10 C:\xampp\htdocs\wordpress\wp-blog-header.php(16): wp()
#11 C:\xampp\htdocs\wordpress\index.php(17): require('C:\\xampp\\htdocs...')
#12 {main}
  thrown in C:\xampp\htdocs\wordpress\wp-content\plugins\CPT-students-plugin\plugin-data-students.php on line 476
[22-Jun-2021 13:55:29 UTC] PHP Warning:  Undefined array key "post_title" in C:\xampp\htdocs\wordpress\wp-content\plugins\CPT-students-plugin\plugin-data-students.php on line 446
[22-Jun-2021 13:55:45 UTC] PHP Warning:  Undefined array key "post_content" in C:\xampp\htdocs\wordpress\wp-content\plugins\CPT-students-plugin\plugin-data-students.php on line 447
[22-Jun-2021 14:18:50 UTC] PHP Warning:  Undefined array key "post_title" in C:\xampp\htdocs\wordpress\wp-content\plugins\CPT-students-plugin\plugin-data-students.php on line 446
[22-Jun-2021 14:38:02 UTC] PHP Warning:  Undefined array key "post_title" in C:\xampp\htdocs\wordpress\wp-content\plugins\CPT-students-plugin\plugin-data-students.php on line 446
[22-Jun-2021 14:50:16 UTC] PHP Warning:  Undefined array key "post_title" in C:\xampp\htdocs\wordpress\wp-content\plugins\CPT-students-plugin\plugin-data-students.php on line 447
[22-Jun-2021 14:50:23 UTC] PHP Warning:  Undefined array key "post_title" in C:\xampp\htdocs\wordpress\wp-content\plugins\CPT-students-plugin\plugin-data-students.php on line 447
[22-Jun-2021 14:51:20 UTC] PHP Warning:  Undefined array key "post_title" in C:\xampp\htdocs\wordpress\wp-content\plugins\CPT-students-plugin\plugin-data-students.php on line 447
[22-Jun-2021 14:51:29 UTC] PHP Warning:  Undefined array key "post_title" in C:\xampp\htdocs\wordpress\wp-content\plugins\CPT-students-plugin\plugin-data-students.php on line 447
[22-Jun-2021 15:01:55 UTC] PHP Warning:  Undefined array key "post_title" in C:\xampp\htdocs\wordpress\wp-content\plugins\CPT-students-plugin\plugin-data-students.php on line 446
[22-Jun-2021 15:06:47 UTC] PHP Warning:  Undefined variable $postarr in C:\xampp\htdocs\wordpress\wp-content\plugins\CPT-students-plugin\plugin-data-students.php on line 480
[22-Jun-2021 15:06:47 UTC] PHP Warning:  Trying to access array offset on value of type null in C:\xampp\htdocs\wordpress\wp-includes\post.php on line 4429
[22-Jun-2021 15:07:47 UTC] PHP Warning:  Undefined variable $postarr in C:\xampp\htdocs\wordpress\wp-content\plugins\CPT-students-plugin\plugin-data-students.php on line 496
[22-Jun-2021 15:07:47 UTC] PHP Warning:  Trying to access array offset on value of type null in C:\xampp\htdocs\wordpress\wp-includes\post.php on line 4429
[22-Jun-2021 15:08:28 UTC] PHP Warning:  Undefined variable $postarr in C:\xampp\htdocs\wordpress\wp-content\plugins\CPT-students-plugin\plugin-data-students.php on line 496
[22-Jun-2021 15:08:28 UTC] PHP Warning:  Trying to access array offset on value of type null in C:\xampp\htdocs\wordpress\wp-includes\post.php on line 4429
[22-Jun-2021 15:09:17 UTC] PHP Warning:  Undefined variable $postarr in C:\xampp\htdocs\wordpress\wp-content\plugins\CPT-students-plugin\plugin-data-students.php on line 496
[22-Jun-2021 15:09:41 UTC] PHP Warning:  Undefined array key "post_title" in C:\xampp\htdocs\wordpress\wp-content\plugins\CPT-students-plugin\plugin-data-students.php on line 489
[22-Jun-2021 15:12:23 UTC] PHP Warning:  Undefined array key "post_title" in C:\xampp\htdocs\wordpress\wp-content\plugins\CPT-students-plugin\plugin-data-students.php on line 446
[22-Jun-2021 15:14:38 UTC] PHP Warning:  Undefined array key "ID" in C:\xampp\htdocs\wordpress\wp-includes\post.php on line 4429
[22-Jun-2021 15:14:59 UTC] PHP Parse error:  syntax error, unexpected single-quoted string " => ", expecting ")" in C:\xampp\htdocs\wordpress\wp-content\plugins\CPT-students-plugin\plugin-data-students.php on line 449
[22-Jun-2021 15:16:21 UTC] PHP Parse error:  syntax error, unexpected token "=>", expecting ")" in C:\xampp\htdocs\wordpress\wp-content\plugins\CPT-students-plugin\plugin-data-students.php on line 449
[22-Jun-2021 15:16:25 UTC] PHP Parse error:  syntax error, unexpected token "=>", expecting ")" in C:\xampp\htdocs\wordpress\wp-content\plugins\CPT-students-plugin\plugin-data-students.php on line 449
[22-Jun-2021 15:16:25 UTC] PHP Notice:  is_embed was called <strong>incorrectly</strong>. Conditional query tags do not work before the query is run. Before then, they always return false. Please see <a href="https://wordpress.org/support/article/debugging-in-wordpress/">Debugging in WordPress</a> for more information. (This message was added in version 3.1.0.) in C:\xampp\htdocs\wordpress\wp-includes\functions.php on line 5313
[22-Jun-2021 15:16:25 UTC] PHP Notice:  is_search was called <strong>incorrectly</strong>. Conditional query tags do not work before the query is run. Before then, they always return false. Please see <a href="https://wordpress.org/support/article/debugging-in-wordpress/">Debugging in WordPress</a> for more information. (This message was added in version 3.1.0.) in C:\xampp\htdocs\wordpress\wp-includes\functions.php on line 5313
[22-Jun-2021 15:16:31 UTC] PHP Parse error:  syntax error, unexpected token "=>", expecting ")" in C:\xampp\htdocs\wordpress\wp-content\plugins\CPT-students-plugin\plugin-data-students.php on line 449
[22-Jun-2021 15:16:31 UTC] PHP Notice:  is_embed was called <strong>incorrectly</strong>. Conditional query tags do not work before the query is run. Before then, they always return false. Please see <a href="https://wordpress.org/support/article/debugging-in-wordpress/">Debugging in WordPress</a> for more information. (This message was added in version 3.1.0.) in C:\xampp\htdocs\wordpress\wp-includes\functions.php on line 5313
[22-Jun-2021 15:16:31 UTC] PHP Notice:  is_search was called <strong>incorrectly</strong>. Conditional query tags do not work before the query is run. Before then, they always return false. Please see <a href="https://wordpress.org/support/article/debugging-in-wordpress/">Debugging in WordPress</a> for more information. (This message was added in version 3.1.0.) in C:\xampp\htdocs\wordpress\wp-includes\functions.php on line 5313
[22-Jun-2021 15:16:32 UTC] PHP Parse error:  syntax error, unexpected token "=>", expecting ")" in C:\xampp\htdocs\wordpress\wp-content\plugins\CPT-students-plugin\plugin-data-students.php on line 449
[22-Jun-2021 15:16:32 UTC] PHP Notice:  is_embed was called <strong>incorrectly</strong>. Conditional query tags do not work before the query is run. Before then, they always return false. Please see <a href="https://wordpress.org/support/article/debugging-in-wordpress/">Debugging in WordPress</a> for more information. (This message was added in version 3.1.0.) in C:\xampp\htdocs\wordpress\wp-includes\functions.php on line 5313
[22-Jun-2021 15:16:32 UTC] PHP Notice:  is_search was called <strong>incorrectly</strong>. Conditional query tags do not work before the query is run. Before then, they always return false. Please see <a href="https://wordpress.org/support/article/debugging-in-wordpress/">Debugging in WordPress</a> for more information. (This message was added in version 3.1.0.) in C:\xampp\htdocs\wordpress\wp-includes\functions.php on line 5313
[22-Jun-2021 15:18:55 UTC] PHP Warning:  Undefined array key "ID" in C:\xampp\htdocs\wordpress\wp-includes\post.php on line 4429
[22-Jun-2021 15:20:02 UTC] PHP Warning:  Undefined array key "ID" in C:\xampp\htdocs\wordpress\wp-includes\post.php on line 4429
[22-Jun-2021 15:20:23 UTC] PHP Warning:  Undefined array key "ID" in C:\xampp\htdocs\wordpress\wp-includes\post.php on line 4429
[22-Jun-2021 15:20:42 UTC] PHP Warning:  Undefined array key "ID" in C:\xampp\htdocs\wordpress\wp-includes\post.php on line 4429
[22-Jun-2021 15:20:53 UTC] PHP Warning:  Undefined array key "ID" in C:\xampp\htdocs\wordpress\wp-includes\post.php on line 4429
[22-Jun-2021 15:20:55 UTC] PHP Warning:  Undefined array key "ID" in C:\xampp\htdocs\wordpress\wp-includes\post.php on line 4429
[22-Jun-2021 15:21:58 UTC] PHP Warning:  Undefined array key "ID" in C:\xampp\htdocs\wordpress\wp-includes\post.php on line 4429
[22-Jun-2021 15:24:29 UTC] PHP Warning:  Undefined array key "ID" in C:\xampp\htdocs\wordpress\wp-includes\post.php on line 4429
[22-Jun-2021 15:26:17 UTC] PHP Warning:  Undefined array key "ID" in C:\xampp\htdocs\wordpress\wp-includes\post.php on line 4429
[22-Jun-2021 15:26:29 UTC] PHP Warning:  Undefined array key "ID" in C:\xampp\htdocs\wordpress\wp-includes\post.php on line 4429
[22-Jun-2021 15:28:27 UTC] PHP Warning:  Undefined array key "ID" in C:\xampp\htdocs\wordpress\wp-includes\post.php on line 4429
[22-Jun-2021 15:31:03 UTC] PHP Fatal error:  Cannot declare class Students_Widget, because the name is already in use in C:\xampp\htdocs\wordpress\wp-content\plugins\student-post-type\student-widget.php on line 2
[22-Jun-2021 15:31:04 UTC] PHP Fatal error:  Cannot declare class Students_Widget, because the name is already in use in C:\xampp\htdocs\wordpress\wp-content\plugins\student-post-type\student-widget.php on line 2
[22-Jun-2021 15:31:04 UTC] PHP Fatal error:  Cannot declare class Students_Widget, because the name is already in use in C:\xampp\htdocs\wordpress\wp-content\plugins\student-post-type\student-widget.php on line 2
[22-Jun-2021 15:32:51 UTC] PHP Warning:  Undefined variable $postarr in C:\xampp\htdocs\wordpress\wp-content\plugins\student-post-type\student-rest-api.php on line 105
[22-Jun-2021 15:32:51 UTC] PHP Warning:  Trying to access array offset on value of type null in C:\xampp\htdocs\wordpress\wp-includes\post.php on line 4429
[22-Jun-2021 15:59:17 UTC] PHP Parse error:  syntax error, unexpected token "if" in C:\xampp\htdocs\wordpress\wp-content\plugins\CPT-students-plugin\plugin-data-students.php on line 449
[22-Jun-2021 15:59:17 UTC] PHP Notice:  is_embed was called <strong>incorrectly</strong>. Conditional query tags do not work before the query is run. Before then, they always return false. Please see <a href="https://wordpress.org/support/article/debugging-in-wordpress/">Debugging in WordPress</a> for more information. (This message was added in version 3.1.0.) in C:\xampp\htdocs\wordpress\wp-includes\functions.php on line 5313
[22-Jun-2021 15:59:17 UTC] PHP Notice:  is_search was called <strong>incorrectly</strong>. Conditional query tags do not work before the query is run. Before then, they always return false. Please see <a href="https://wordpress.org/support/article/debugging-in-wordpress/">Debugging in WordPress</a> for more information. (This message was added in version 3.1.0.) in C:\xampp\htdocs\wordpress\wp-includes\functions.php on line 5313
[22-Jun-2021 16:01:19 UTC] PHP Warning:  Undefined array key "ID" in C:\xampp\htdocs\wordpress\wp-includes\post.php on line 4429
[22-Jun-2021 16:13:18 UTC] PHP Parse error:  Unclosed '{' on line 488 in C:\xampp\htdocs\wordpress\wp-content\plugins\CPT-students-plugin\plugin-data-students.php on line 506
[22-Jun-2021 16:34:42 UTC] PHP Fatal error:  Cannot redeclare cpt_students() (previously declared in C:\xampp\htdocs\wordpress\wp-content\plugins\CPT-students-plugin\plugin-data-students.php:15) in C:\xampp\htdocs\wordpress\wp-content\plugins\CPT-students-plugin\plugin-data-students.php on line 13
[22-Jun-2021 16:34:42 UTC] PHP Notice:  is_embed was called <strong>incorrectly</strong>. Conditional query tags do not work before the query is run. Before then, they always return false. Please see <a href="https://wordpress.org/support/article/debugging-in-wordpress/">Debugging in WordPress</a> for more information. (This message was added in version 3.1.0.) in C:\xampp\htdocs\wordpress\wp-includes\functions.php on line 5313
[22-Jun-2021 16:34:42 UTC] PHP Notice:  is_search was called <strong>incorrectly</strong>. Conditional query tags do not work before the query is run. Before then, they always return false. Please see <a href="https://wordpress.org/support/article/debugging-in-wordpress/">Debugging in WordPress</a> for more information. (This message was added in version 3.1.0.) in C:\xampp\htdocs\wordpress\wp-includes\functions.php on line 5313
[22-Jun-2021 16:34:44 UTC] PHP Fatal error:  Cannot redeclare cpt_students() (previously declared in C:\xampp\htdocs\wordpress\wp-content\plugins\CPT-students-plugin\plugin-data-students.php:15) in C:\xampp\htdocs\wordpress\wp-content\plugins\CPT-students-plugin\plugin-data-students.php on line 13
[22-Jun-2021 16:34:44 UTC] PHP Notice:  is_embed was called <strong>incorrectly</strong>. Conditional query tags do not work before the query is run. Before then, they always return false. Please see <a href="https://wordpress.org/support/article/debugging-in-wordpress/">Debugging in WordPress</a> for more information. (This message was added in version 3.1.0.) in C:\xampp\htdocs\wordpress\wp-includes\functions.php on line 5313
[22-Jun-2021 16:34:44 UTC] PHP Notice:  is_search was called <strong>incorrectly</strong>. Conditional query tags do not work before the query is run. Before then, they always return false. Please see <a href="https://wordpress.org/support/article/debugging-in-wordpress/">Debugging in WordPress</a> for more information. (This message was added in version 3.1.0.) in C:\xampp\htdocs\wordpress\wp-includes\functions.php on line 5313
